TN:
SF:D:\Etudes\ESIR\ESIR2\JXT\TP\TP5\app.js
FN:14,(anonymous_0)
FN:20,(anonymous_1)
FN:24,(anonymous_2)
FNF:3
FNH:3
FNDA:15,(anonymous_0)
FNDA:13,(anonymous_1)
FNDA:1,(anonymous_2)
DA:1,1
DA:2,1
DA:3,1
DA:5,1
DA:6,1
DA:8,1
DA:9,1
DA:10,1
DA:12,1
DA:14,1
DA:16,15
DA:17,15
DA:19,14
DA:20,14
DA:22,13
DA:26,1
DA:32,1
DA:36,1
DA:37,1
DA:40,1
DA:44,1
DA:45,1
DA:47,1
LF:23
LH:23
BRDA:17,0,0,14
BRDA:17,0,1,1
BRF:2
BRH:2
end_of_record
TN:
SF:D:\Etudes\ESIR\ESIR2\JXT\TP\TP5\model\idp.js
FN:8,(anonymous_0)
FN:9,(anonymous_1)
FN:19,(anonymous_2)
FN:20,(anonymous_3)
FN:27,(anonymous_4)
FN:29,(anonymous_5)
FN:40,(anonymous_6)
FN:45,(anonymous_7)
FN:46,(anonymous_8)
FN:47,(anonymous_9)
FN:57,(anonymous_10)
FNF:11
FNH:10
FNDA:15,(anonymous_0)
FNDA:66,(anonymous_1)
FNDA:15,(anonymous_2)
FNDA:15,(anonymous_3)
FNDA:14,(anonymous_4)
FNDA:14,(anonymous_5)
FNDA:0,(anonymous_6)
FNDA:15,(anonymous_7)
FNDA:15,(anonymous_8)
FNDA:15,(anonymous_9)
FNDA:1,(anonymous_10)
DA:1,1
DA:2,1
DA:3,1
DA:4,1
DA:5,1
DA:6,1
DA:8,1
DA:9,15
DA:10,66
DA:12,15
DA:13,14
DA:15,1
DA:19,1
DA:20,15
DA:21,15
DA:22,15
DA:23,1
DA:25,14
DA:28,14
DA:29,14
DA:30,14
DA:31,0
DA:33,14
DA:37,0
DA:40,0
DA:45,1
DA:46,15
DA:47,15
DA:48,15
DA:49,1
DA:51,14
DA:57,1
DA:58,1
DA:59,1
LF:34
LH:31
BRDA:12,0,0,14
BRDA:12,0,1,1
BRDA:22,1,0,1
BRDA:22,1,1,14
BRDA:28,2,0,14
BRDA:28,2,1,0
BRDA:30,3,0,0
BRDA:30,3,1,14
BRDA:48,4,0,1
BRDA:48,4,1,14
BRF:10
BRH:8
end_of_record
TN:
SF:D:\Etudes\ESIR\ESIR2\JXT\TP\TP5\model\users.js
FN:42,(anonymous_0)
FN:43,(anonymous_1)
FN:49,(anonymous_2)
FN:53,(anonymous_3)
FN:66,(anonymous_4)
FN:67,(anonymous_5)
FN:91,(anonymous_6)
FN:92,(anonymous_7)
FN:100,validateUser
FNF:9
FNH:9
FNDA:2,(anonymous_0)
FNDA:8,(anonymous_1)
FNDA:16,(anonymous_2)
FNDA:3,(anonymous_3)
FNDA:3,(anonymous_4)
FNDA:15,(anonymous_5)
FNDA:2,(anonymous_6)
FNDA:5,(anonymous_7)
FNDA:5,validateUser
DA:1,1
DA:2,1
DA:3,1
DA:4,1
DA:6,1
DA:14,1
DA:42,1
DA:43,8
DA:44,2
DA:49,1
DA:50,16
DA:53,1
DA:54,3
DA:58,3
DA:59,1
DA:61,2
DA:63,1
DA:66,1
DA:67,15
DA:69,3
DA:70,2
DA:72,2
DA:78,2
DA:81,1
DA:82,1
DA:84,1
DA:87,1
DA:91,1
DA:92,5
DA:93,2
DA:94,1
DA:96,1
DA:101,5
DA:103,5
DA:104,5
DA:105,5
DA:106,2
DA:108,3
DA:111,5
DA:114,1
DA:115,1
DA:116,1
DA:117,1
DA:118,1
LF:44
LH:44
BRDA:44,0,0,1
BRDA:44,0,1,1
BRDA:58,1,0,1
BRDA:58,1,1,2
BRDA:69,2,0,2
BRDA:69,2,1,1
BRDA:78,3,0,1
BRDA:78,3,1,1
BRDA:93,4,0,1
BRDA:93,4,1,1
BRDA:103,5,0,5
BRF:11
BRH:11
end_of_record
TN:
SF:D:\Etudes\ESIR\ESIR2\JXT\TP\TP5\routes\auth-v1.js
FN:7,(anonymous_0)
FN:11,(anonymous_1)
FN:13,(anonymous_2)
FN:22,(anonymous_3)
FN:26,(anonymous_4)
FN:29,(anonymous_5)
FN:37,(anonymous_6)
FNF:7
FNH:6
FNDA:15,(anonymous_0)
FNDA:14,(anonymous_1)
FNDA:1,(anonymous_2)
FNDA:1,(anonymous_3)
FNDA:1,(anonymous_4)
FNDA:0,(anonymous_5)
FNDA:1,(anonymous_6)
DA:1,1
DA:2,1
DA:3,1
DA:4,1
DA:5,1
DA:7,1
DA:8,15
DA:9,15
DA:10,15
DA:11,15
DA:12,14
DA:14,1
DA:18,0
DA:22,1
DA:23,1
DA:24,1
DA:25,1
DA:26,1
DA:27,1
DA:30,0
DA:34,0
DA:37,1
DA:38,1
DA:39,1
DA:40,1
LF:25
LH:22
BRDA:10,0,0,15
BRDA:10,0,1,0
BRDA:10,1,0,15
BRDA:10,1,1,15
BRDA:24,2,0,1
BRDA:24,2,1,0
BRF:6
BRH:4
end_of_record
TN:
SF:D:\Etudes\ESIR\ESIR2\JXT\TP\TP5\routes\users-v1.js
FN:7,(anonymous_0)
FN:18,(anonymous_1)
FN:47,(anonymous_2)
FN:71,(anonymous_3)
FN:103,(anonymous_4)
FN:134,(anonymous_5)
FN:139,(anonymous_6)
FNF:7
FNH:7
FNDA:12,(anonymous_0)
FNDA:2,(anonymous_1)
FNDA:3,(anonymous_2)
FNDA:3,(anonymous_3)
FNDA:2,(anonymous_4)
FNDA:1,(anonymous_5)
FNDA:1,(anonymous_6)
DA:1,1
DA:2,1
DA:4,1
DA:7,1
DA:9,12
DA:14,12
DA:18,1
DA:19,2
DA:22,2
DA:23,2
DA:24,2
DA:25,2
DA:26,1
DA:28,1
DA:47,1
DA:48,3
DA:51,3
DA:52,3
DA:53,3
DA:54,1
DA:59,2
DA:71,1
DA:72,3
DA:73,3
DA:76,3
DA:77,3
DA:78,3
DA:79,1
DA:85,2
DA:86,1
DA:90,1
DA:103,1
DA:104,2
DA:107,2
DA:108,2
DA:109,2
DA:110,1
DA:116,1
DA:117,1
DA:134,1
DA:135,1
DA:139,1
DA:140,1
DA:141,1
LF:44
LH:44
BRDA:9,0,0,12
BRDA:22,1,0,2
BRDA:25,2,0,1
BRDA:25,2,1,1
BRDA:51,3,0,3
BRDA:76,4,0,3
BRDA:76,5,0,3
BRDA:76,5,1,3
BRDA:85,6,0,1
BRDA:85,6,1,1
BRDA:107,7,0,2
BRDA:116,8,0,1
BRF:12
BRH:12
end_of_record
